2020-11-26 11:32:56 [rs.spiders.rs_spider] WARNING: [<Selector xpath="//table[contains(@class,'opr-toplist1-table')]/tbody/tr" data='<tr class="toplist1-tr">\n            ...'>, <Selector xpath="//table[contains(@class,'opr-toplist1-table')]/tbody/tr" data='<tr class="toplist1-tr">\n            ...'>, <Selector xpath="//table[contains(@class,'opr-toplist1-table')]/tbody/tr" data='<tr class="toplist1-tr">\n            ...'>, <Selector xpath="//table[contains(@class,'opr-toplist1-table')]/tbody/tr" data='<tr class="toplist1-tr">\n            ...'>, <Selector xpath="//table[contains(@class,'opr-toplist1-table')]/tbody/tr" data='<tr class="toplist1-tr">\n            ...'>, <Selector xpath="//table[contains(@class,'opr-toplist1-table')]/tbody/tr" data='<tr class="toplist1-tr">\n            ...'>, <Selector xpath="//table[contains(@class,'opr-toplist1-table')]/tbody/tr" data='<tr class="toplist1-tr">\n            ...'>, <Selector xpath="//table[contains(@class,'opr-toplist1-table')]/tbody/tr" data='<tr class="toplist1-tr">\n            ...'>, <Selector xpath="//table[contains(@class,'opr-toplist1-table')]/tbody/tr" data='<tr class="toplist1-tr">\n            ...'>, <Selector xpath="//table[contains(@class,'opr-toplist1-table')]/tbody/tr" data='<tr class="toplist1-tr">\n            ...'>, <Selector xpath="//table[contains(@class,'opr-toplist1-table')]/tbody/tr" data='<tr class="toplist1-tr">\n            ...'>, <Selector xpath="//table[contains(@class,'opr-toplist1-table')]/tbody/tr" data='<tr class="toplist1-tr">\n            ...'>, <Selector xpath="//table[contains(@class,'opr-toplist1-table')]/tbody/tr" data='<tr class="toplist1-tr">\n            ...'>, <Selector xpath="//table[contains(@class,'opr-toplist1-table')]/tbody/tr" data='<tr class="toplist1-tr">\n            ...'>, <Selector xpath="//table[contains(@class,'opr-toplist1-table')]/tbody/tr" data='<tr class="toplist1-tr">\n            ...'>, <Selector xpath="//table[contains(@class,'opr-toplist1-table')]/tbody/tr" data='<tr class="toplist1-tr">\n            ...'>, <Selector xpath="//table[contains(@class,'opr-toplist1-table')]/tbody/tr" data='<tr class="toplist1-tr">\n            ...'>, <Selector xpath="//table[contains(@class,'opr-toplist1-table')]/tbody/tr" data='<tr class="toplist1-tr">\n            ...'>, <Selector xpath="//table[contains(@class,'opr-toplist1-table')]/tbody/tr" data='<tr class="toplist1-tr">\n            ...'>, <Selector xpath="//table[contains(@class,'opr-toplist1-table')]/tbody/tr" data='<tr class="toplist1-tr">\n            ...'>, <Selector xpath="//table[contains(@class,'opr-toplist1-table')]/tbody/tr" data='<tr class="toplist1-tr">\n            ...'>, <Selector xpath="//table[contains(@class,'opr-toplist1-table')]/tbody/tr" data='<tr class="toplist1-tr">\n            ...'>, <Selector xpath="//table[contains(@class,'opr-toplist1-table')]/tbody/tr" data='<tr class="toplist1-tr">\n            ...'>, <Selector xpath="//table[contains(@class,'opr-toplist1-table')]/tbody/tr" data='<tr class="toplist1-tr">\n            ...'>, <Selector xpath="//table[contains(@class,'opr-toplist1-table')]/tbody/tr" data='<tr class="toplist1-tr">\n            ...'>, <Selector xpath="//table[contains(@class,'opr-toplist1-table')]/tbody/tr" data='<tr class="toplist1-tr">\n            ...'>, <Selector xpath="//table[contains(@class,'opr-toplist1-table')]/tbody/tr" data='<tr class="toplist1-tr">\n            ...'>, <Selector xpath="//table[contains(@class,'opr-toplist1-table')]/tbody/tr" data='<tr class="toplist1-tr">\n            ...'>, <Selector xpath="//table[contains(@class,'opr-toplist1-table')]/tbody/tr" data='<tr class="toplist1-tr">\n            ...'>]
2020-11-26 11:32:56 [rs.pipelines] WARNING: ----------
2020-11-26 11:32:56 [rs.pipelines] WARNING: ----------
2020-11-26 11:32:56 [rs.pipelines] WARNING: ----------
2020-11-26 11:32:56 [rs.pipelines] WARNING: ----------
2020-11-26 11:32:56 [rs.pipelines] WARNING: ----------
2020-11-26 11:32:56 [rs.pipelines] WARNING: ----------
2020-11-26 11:32:56 [rs.pipelines] WARNING: ----------
2020-11-26 11:32:56 [rs.pipelines] WARNING: ----------
2020-11-26 11:32:56 [rs.pipelines] WARNING: ----------
2020-11-26 11:32:56 [rs.pipelines] WARNING: ----------
2020-11-26 11:32:56 [rs.pipelines] WARNING: ----------
2020-11-26 11:32:56 [rs.pipelines] WARNING: ----------
2020-11-26 11:32:56 [rs.pipelines] WARNING: ----------
2020-11-26 11:32:56 [rs.pipelines] WARNING: ----------
2020-11-26 11:32:56 [rs.pipelines] WARNING: ----------
2020-11-26 11:32:56 [rs.pipelines] WARNING: ----------
2020-11-26 11:32:56 [rs.pipelines] WARNING: ----------
2020-11-26 11:32:56 [rs.pipelines] WARNING: ----------
2020-11-26 11:32:56 [rs.pipelines] WARNING: ----------
2020-11-26 11:32:56 [rs.pipelines] WARNING: ----------
2020-11-26 11:32:56 [rs.pipelines] WARNING: ----------
2020-11-26 11:32:56 [rs.pipelines] WARNING: ----------
2020-11-26 11:32:56 [rs.pipelines] WARNING: ----------
2020-11-26 11:32:56 [rs.pipelines] WARNING: ----------
2020-11-26 11:32:56 [rs.pipelines] WARNING: ----------
2020-11-26 11:32:56 [rs.pipelines] WARNING: ----------
2020-11-26 11:32:56 [rs.pipelines] WARNING: ----------
2020-11-26 11:32:56 [rs.pipelines] WARNING: ----------
2020-11-26 11:32:56 [rs.pipelines] WARNING: ----------
2020-11-26 11:39:01 [rs.spiders.rs_spider] WARNING: [<Selector xpath="//table[contains(@class,'opr-toplist1-table')]/tbody/tr" data='<tr class="toplist1-tr">\n            ...'>, <Selector xpath="//table[contains(@class,'opr-toplist1-table')]/tbody/tr" data='<tr class="toplist1-tr">\n            ...'>, <Selector xpath="//table[contains(@class,'opr-toplist1-table')]/tbody/tr" data='<tr class="toplist1-tr">\n            ...'>, <Selector xpath="//table[contains(@class,'opr-toplist1-table')]/tbody/tr" data='<tr class="toplist1-tr">\n            ...'>, <Selector xpath="//table[contains(@class,'opr-toplist1-table')]/tbody/tr" data='<tr class="toplist1-tr">\n            ...'>, <Selector xpath="//table[contains(@class,'opr-toplist1-table')]/tbody/tr" data='<tr class="toplist1-tr">\n            ...'>, <Selector xpath="//table[contains(@class,'opr-toplist1-table')]/tbody/tr" data='<tr class="toplist1-tr">\n            ...'>, <Selector xpath="//table[contains(@class,'opr-toplist1-table')]/tbody/tr" data='<tr class="toplist1-tr">\n            ...'>, <Selector xpath="//table[contains(@class,'opr-toplist1-table')]/tbody/tr" data='<tr class="toplist1-tr">\n            ...'>, <Selector xpath="//table[contains(@class,'opr-toplist1-table')]/tbody/tr" data='<tr class="toplist1-tr">\n            ...'>, <Selector xpath="//table[contains(@class,'opr-toplist1-table')]/tbody/tr" data='<tr class="toplist1-tr">\n            ...'>, <Selector xpath="//table[contains(@class,'opr-toplist1-table')]/tbody/tr" data='<tr class="toplist1-tr">\n            ...'>, <Selector xpath="//table[contains(@class,'opr-toplist1-table')]/tbody/tr" data='<tr class="toplist1-tr">\n            ...'>, <Selector xpath="//table[contains(@class,'opr-toplist1-table')]/tbody/tr" data='<tr class="toplist1-tr">\n            ...'>, <Selector xpath="//table[contains(@class,'opr-toplist1-table')]/tbody/tr" data='<tr class="toplist1-tr">\n            ...'>, <Selector xpath="//table[contains(@class,'opr-toplist1-table')]/tbody/tr" data='<tr class="toplist1-tr">\n            ...'>, <Selector xpath="//table[contains(@class,'opr-toplist1-table')]/tbody/tr" data='<tr class="toplist1-tr">\n            ...'>, <Selector xpath="//table[contains(@class,'opr-toplist1-table')]/tbody/tr" data='<tr class="toplist1-tr">\n            ...'>, <Selector xpath="//table[contains(@class,'opr-toplist1-table')]/tbody/tr" data='<tr class="toplist1-tr">\n            ...'>, <Selector xpath="//table[contains(@class,'opr-toplist1-table')]/tbody/tr" data='<tr class="toplist1-tr">\n            ...'>, <Selector xpath="//table[contains(@class,'opr-toplist1-table')]/tbody/tr" data='<tr class="toplist1-tr">\n            ...'>, <Selector xpath="//table[contains(@class,'opr-toplist1-table')]/tbody/tr" data='<tr class="toplist1-tr">\n            ...'>, <Selector xpath="//table[contains(@class,'opr-toplist1-table')]/tbody/tr" data='<tr class="toplist1-tr">\n            ...'>, <Selector xpath="//table[contains(@class,'opr-toplist1-table')]/tbody/tr" data='<tr class="toplist1-tr">\n            ...'>, <Selector xpath="//table[contains(@class,'opr-toplist1-table')]/tbody/tr" data='<tr class="toplist1-tr">\n            ...'>, <Selector xpath="//table[contains(@class,'opr-toplist1-table')]/tbody/tr" data='<tr class="toplist1-tr">\n            ...'>, <Selector xpath="//table[contains(@class,'opr-toplist1-table')]/tbody/tr" data='<tr class="toplist1-tr">\n            ...'>, <Selector xpath="//table[contains(@class,'opr-toplist1-table')]/tbody/tr" data='<tr class="toplist1-tr">\n            ...'>, <Selector xpath="//table[contains(@class,'opr-toplist1-table')]/tbody/tr" data='<tr class="toplist1-tr">\n            ...'>]
2020-11-26 11:39:01 [rs.pipelines] WARNING: ----------
2020-11-26 11:39:01 [rs.pipelines] WARNING: ----------
2020-11-26 11:39:01 [rs.pipelines] WARNING: ----------
2020-11-26 11:39:01 [rs.pipelines] WARNING: ----------
2020-11-26 11:39:01 [rs.pipelines] WARNING: ----------
2020-11-26 11:39:01 [rs.pipelines] WARNING: ----------
2020-11-26 11:39:01 [rs.pipelines] WARNING: ----------
2020-11-26 11:39:01 [rs.pipelines] WARNING: ----------
2020-11-26 11:39:01 [rs.pipelines] WARNING: ----------
2020-11-26 11:39:01 [rs.pipelines] WARNING: ----------
2020-11-26 11:39:01 [rs.pipelines] WARNING: ----------
2020-11-26 11:39:01 [rs.pipelines] WARNING: ----------
2020-11-26 11:39:01 [rs.pipelines] WARNING: ----------
2020-11-26 11:39:01 [rs.pipelines] WARNING: ----------
2020-11-26 11:39:01 [rs.pipelines] WARNING: ----------
2020-11-26 11:39:01 [rs.pipelines] WARNING: ----------
2020-11-26 11:39:01 [rs.pipelines] WARNING: ----------
2020-11-26 11:39:01 [rs.pipelines] WARNING: ----------
2020-11-26 11:39:01 [rs.pipelines] WARNING: ----------
2020-11-26 11:39:01 [rs.pipelines] WARNING: ----------
2020-11-26 11:39:01 [rs.pipelines] WARNING: ----------
2020-11-26 11:39:01 [rs.pipelines] WARNING: ----------
2020-11-26 11:39:01 [rs.pipelines] WARNING: ----------
2020-11-26 11:39:01 [rs.pipelines] WARNING: ----------
2020-11-26 11:39:01 [rs.pipelines] WARNING: ----------
2020-11-26 11:39:01 [rs.pipelines] WARNING: ----------
2020-11-26 11:39:01 [rs.pipelines] WARNING: ----------
2020-11-26 11:39:01 [rs.pipelines] WARNING: ----------
2020-11-26 11:39:01 [rs.pipelines] WARNING: ----------
2020-11-26 11:40:46 [rs.spiders.rs_spider] WARNING: [<Selector xpath="//table[contains(@class,'opr-toplist1-table')]/tbody/tr" data='<tr class="toplist1-tr">\n            ...'>, <Selector xpath="//table[contains(@class,'opr-toplist1-table')]/tbody/tr" data='<tr class="toplist1-tr">\n            ...'>, <Selector xpath="//table[contains(@class,'opr-toplist1-table')]/tbody/tr" data='<tr class="toplist1-tr">\n            ...'>, <Selector xpath="//table[contains(@class,'opr-toplist1-table')]/tbody/tr" data='<tr class="toplist1-tr">\n            ...'>, <Selector xpath="//table[contains(@class,'opr-toplist1-table')]/tbody/tr" data='<tr class="toplist1-tr">\n            ...'>, <Selector xpath="//table[contains(@class,'opr-toplist1-table')]/tbody/tr" data='<tr class="toplist1-tr">\n            ...'>, <Selector xpath="//table[contains(@class,'opr-toplist1-table')]/tbody/tr" data='<tr class="toplist1-tr">\n            ...'>, <Selector xpath="//table[contains(@class,'opr-toplist1-table')]/tbody/tr" data='<tr class="toplist1-tr">\n            ...'>, <Selector xpath="//table[contains(@class,'opr-toplist1-table')]/tbody/tr" data='<tr class="toplist1-tr">\n            ...'>, <Selector xpath="//table[contains(@class,'opr-toplist1-table')]/tbody/tr" data='<tr class="toplist1-tr">\n            ...'>, <Selector xpath="//table[contains(@class,'opr-toplist1-table')]/tbody/tr" data='<tr class="toplist1-tr">\n            ...'>, <Selector xpath="//table[contains(@class,'opr-toplist1-table')]/tbody/tr" data='<tr class="toplist1-tr">\n            ...'>, <Selector xpath="//table[contains(@class,'opr-toplist1-table')]/tbody/tr" data='<tr class="toplist1-tr">\n            ...'>, <Selector xpath="//table[contains(@class,'opr-toplist1-table')]/tbody/tr" data='<tr class="toplist1-tr">\n            ...'>, <Selector xpath="//table[contains(@class,'opr-toplist1-table')]/tbody/tr" data='<tr class="toplist1-tr">\n            ...'>, <Selector xpath="//table[contains(@class,'opr-toplist1-table')]/tbody/tr" data='<tr class="toplist1-tr">\n            ...'>, <Selector xpath="//table[contains(@class,'opr-toplist1-table')]/tbody/tr" data='<tr class="toplist1-tr">\n            ...'>, <Selector xpath="//table[contains(@class,'opr-toplist1-table')]/tbody/tr" data='<tr class="toplist1-tr">\n            ...'>, <Selector xpath="//table[contains(@class,'opr-toplist1-table')]/tbody/tr" data='<tr class="toplist1-tr">\n            ...'>, <Selector xpath="//table[contains(@class,'opr-toplist1-table')]/tbody/tr" data='<tr class="toplist1-tr">\n            ...'>, <Selector xpath="//table[contains(@class,'opr-toplist1-table')]/tbody/tr" data='<tr class="toplist1-tr">\n            ...'>, <Selector xpath="//table[contains(@class,'opr-toplist1-table')]/tbody/tr" data='<tr class="toplist1-tr">\n            ...'>, <Selector xpath="//table[contains(@class,'opr-toplist1-table')]/tbody/tr" data='<tr class="toplist1-tr">\n            ...'>, <Selector xpath="//table[contains(@class,'opr-toplist1-table')]/tbody/tr" data='<tr class="toplist1-tr">\n            ...'>, <Selector xpath="//table[contains(@class,'opr-toplist1-table')]/tbody/tr" data='<tr class="toplist1-tr">\n            ...'>, <Selector xpath="//table[contains(@class,'opr-toplist1-table')]/tbody/tr" data='<tr class="toplist1-tr">\n            ...'>, <Selector xpath="//table[contains(@class,'opr-toplist1-table')]/tbody/tr" data='<tr class="toplist1-tr">\n            ...'>, <Selector xpath="//table[contains(@class,'opr-toplist1-table')]/tbody/tr" data='<tr class="toplist1-tr">\n            ...'>, <Selector xpath="//table[contains(@class,'opr-toplist1-table')]/tbody/tr" data='<tr class="toplist1-tr">\n            ...'>]
2020-11-26 11:40:46 [rs.pipelines] WARNING: ----------
2020-11-26 11:40:46 [rs.pipelines] WARNING: ----------
2020-11-26 11:40:46 [rs.pipelines] WARNING: ----------
2020-11-26 11:40:46 [rs.pipelines] WARNING: ----------
2020-11-26 11:40:46 [rs.pipelines] WARNING: ----------
2020-11-26 11:40:46 [rs.pipelines] WARNING: ----------
2020-11-26 11:40:46 [rs.pipelines] WARNING: ----------
2020-11-26 11:40:46 [rs.pipelines] WARNING: ----------
2020-11-26 11:40:46 [rs.pipelines] WARNING: ----------
2020-11-26 11:40:46 [rs.pipelines] WARNING: ----------
2020-11-26 11:40:46 [rs.pipelines] WARNING: ----------
2020-11-26 11:40:46 [rs.pipelines] WARNING: ----------
2020-11-26 11:40:46 [rs.pipelines] WARNING: ----------
2020-11-26 11:40:46 [rs.pipelines] WARNING: ----------
2020-11-26 11:40:46 [rs.pipelines] WARNING: ----------
2020-11-26 11:40:46 [rs.pipelines] WARNING: ----------
2020-11-26 11:40:46 [rs.pipelines] WARNING: ----------
2020-11-26 11:40:46 [rs.pipelines] WARNING: ----------
2020-11-26 11:40:46 [rs.pipelines] WARNING: ----------
2020-11-26 11:40:46 [rs.pipelines] WARNING: ----------
2020-11-26 11:40:46 [rs.pipelines] WARNING: ----------
2020-11-26 11:40:46 [rs.pipelines] WARNING: ----------
2020-11-26 11:40:46 [rs.pipelines] WARNING: ----------
2020-11-26 11:40:46 [rs.pipelines] WARNING: ----------
2020-11-26 11:40:46 [rs.pipelines] WARNING: ----------
2020-11-26 11:40:46 [rs.pipelines] WARNING: ----------
2020-11-26 11:40:46 [rs.pipelines] WARNING: ----------
2020-11-26 11:40:46 [rs.pipelines] WARNING: ----------
2020-11-26 11:40:46 [rs.pipelines] WARNING: ----------
2020-11-26 15:51:19 [rs.spiders.rs_spider] WARNING: [<Selector xpath="//table[contains(@class,'opr-toplist1-table')]/tbody/tr" data='<tr class="toplist1-tr">\n            ...'>, <Selector xpath="//table[contains(@class,'opr-toplist1-table')]/tbody/tr" data='<tr class="toplist1-tr">\n            ...'>, <Selector xpath="//table[contains(@class,'opr-toplist1-table')]/tbody/tr" data='<tr class="toplist1-tr">\n            ...'>, <Selector xpath="//table[contains(@class,'opr-toplist1-table')]/tbody/tr" data='<tr class="toplist1-tr">\n            ...'>, <Selector xpath="//table[contains(@class,'opr-toplist1-table')]/tbody/tr" data='<tr class="toplist1-tr">\n            ...'>, <Selector xpath="//table[contains(@class,'opr-toplist1-table')]/tbody/tr" data='<tr class="toplist1-tr">\n            ...'>, <Selector xpath="//table[contains(@class,'opr-toplist1-table')]/tbody/tr" data='<tr class="toplist1-tr">\n            ...'>, <Selector xpath="//table[contains(@class,'opr-toplist1-table')]/tbody/tr" data='<tr class="toplist1-tr">\n            ...'>, <Selector xpath="//table[contains(@class,'opr-toplist1-table')]/tbody/tr" data='<tr class="toplist1-tr">\n            ...'>, <Selector xpath="//table[contains(@class,'opr-toplist1-table')]/tbody/tr" data='<tr class="toplist1-tr">\n            ...'>, <Selector xpath="//table[contains(@class,'opr-toplist1-table')]/tbody/tr" data='<tr class="toplist1-tr">\n            ...'>, <Selector xpath="//table[contains(@class,'opr-toplist1-table')]/tbody/tr" data='<tr class="toplist1-tr">\n            ...'>, <Selector xpath="//table[contains(@class,'opr-toplist1-table')]/tbody/tr" data='<tr class="toplist1-tr">\n            ...'>, <Selector xpath="//table[contains(@class,'opr-toplist1-table')]/tbody/tr" data='<tr class="toplist1-tr">\n            ...'>, <Selector xpath="//table[contains(@class,'opr-toplist1-table')]/tbody/tr" data='<tr class="toplist1-tr">\n            ...'>, <Selector xpath="//table[contains(@class,'opr-toplist1-table')]/tbody/tr" data='<tr class="toplist1-tr">\n            ...'>, <Selector xpath="//table[contains(@class,'opr-toplist1-table')]/tbody/tr" data='<tr class="toplist1-tr">\n            ...'>, <Selector xpath="//table[contains(@class,'opr-toplist1-table')]/tbody/tr" data='<tr class="toplist1-tr">\n            ...'>, <Selector xpath="//table[contains(@class,'opr-toplist1-table')]/tbody/tr" data='<tr class="toplist1-tr">\n            ...'>, <Selector xpath="//table[contains(@class,'opr-toplist1-table')]/tbody/tr" data='<tr class="toplist1-tr">\n            ...'>, <Selector xpath="//table[contains(@class,'opr-toplist1-table')]/tbody/tr" data='<tr class="toplist1-tr">\n            ...'>, <Selector xpath="//table[contains(@class,'opr-toplist1-table')]/tbody/tr" data='<tr class="toplist1-tr">\n            ...'>, <Selector xpath="//table[contains(@class,'opr-toplist1-table')]/tbody/tr" data='<tr class="toplist1-tr">\n            ...'>, <Selector xpath="//table[contains(@class,'opr-toplist1-table')]/tbody/tr" data='<tr class="toplist1-tr">\n            ...'>, <Selector xpath="//table[contains(@class,'opr-toplist1-table')]/tbody/tr" data='<tr class="toplist1-tr">\n            ...'>, <Selector xpath="//table[contains(@class,'opr-toplist1-table')]/tbody/tr" data='<tr class="toplist1-tr">\n            ...'>, <Selector xpath="//table[contains(@class,'opr-toplist1-table')]/tbody/tr" data='<tr class="toplist1-tr">\n            ...'>, <Selector xpath="//table[contains(@class,'opr-toplist1-table')]/tbody/tr" data='<tr class="toplist1-tr">\n            ...'>]
2020-11-26 15:51:19 [rs.pipelines] WARNING: ----------
2020-11-26 15:51:19 [rs.pipelines] WARNING: ----------
2020-11-26 15:51:19 [rs.pipelines] WARNING: ----------
2020-11-26 15:51:19 [rs.pipelines] WARNING: ----------
2020-11-26 15:51:19 [rs.pipelines] WARNING: ----------
2020-11-26 15:51:19 [rs.pipelines] WARNING: ----------
2020-11-26 15:51:19 [rs.pipelines] WARNING: ----------
2020-11-26 15:51:19 [rs.pipelines] WARNING: ----------
2020-11-26 15:51:19 [rs.pipelines] WARNING: ----------
2020-11-26 15:51:19 [rs.pipelines] WARNING: ----------
2020-11-26 15:51:19 [rs.pipelines] WARNING: ----------
2020-11-26 15:51:19 [rs.pipelines] WARNING: ----------
2020-11-26 15:51:19 [rs.pipelines] WARNING: ----------
2020-11-26 15:51:19 [rs.pipelines] WARNING: ----------
2020-11-26 15:51:19 [rs.pipelines] WARNING: ----------
2020-11-26 15:51:19 [rs.pipelines] WARNING: ----------
2020-11-26 15:51:19 [rs.pipelines] WARNING: ----------
2020-11-26 15:51:19 [rs.pipelines] WARNING: ----------
2020-11-26 15:51:19 [rs.pipelines] WARNING: ----------
2020-11-26 15:51:19 [rs.pipelines] WARNING: ----------
2020-11-26 15:51:19 [rs.pipelines] WARNING: ----------
2020-11-26 15:51:19 [rs.pipelines] WARNING: ----------
2020-11-26 15:51:19 [rs.pipelines] WARNING: ----------
2020-11-26 15:51:19 [rs.pipelines] WARNING: ----------
2020-11-26 15:51:19 [rs.pipelines] WARNING: ----------
2020-11-26 15:51:19 [rs.pipelines] WARNING: ----------
2020-11-26 15:51:19 [rs.pipelines] WARNING: ----------
2020-11-26 15:51:19 [rs.pipelines] WARNING: ----------
2020-11-26 15:51:27 [rs.spiders.rs_spider] WARNING: [<Selector xpath="//table[contains(@class,'opr-toplist1-table')]/tbody/tr" data='<tr class="toplist1-tr">\n            ...'>, <Selector xpath="//table[contains(@class,'opr-toplist1-table')]/tbody/tr" data='<tr class="toplist1-tr">\n            ...'>, <Selector xpath="//table[contains(@class,'opr-toplist1-table')]/tbody/tr" data='<tr class="toplist1-tr">\n            ...'>, <Selector xpath="//table[contains(@class,'opr-toplist1-table')]/tbody/tr" data='<tr class="toplist1-tr">\n            ...'>, <Selector xpath="//table[contains(@class,'opr-toplist1-table')]/tbody/tr" data='<tr class="toplist1-tr">\n            ...'>, <Selector xpath="//table[contains(@class,'opr-toplist1-table')]/tbody/tr" data='<tr class="toplist1-tr">\n            ...'>, <Selector xpath="//table[contains(@class,'opr-toplist1-table')]/tbody/tr" data='<tr class="toplist1-tr">\n            ...'>, <Selector xpath="//table[contains(@class,'opr-toplist1-table')]/tbody/tr" data='<tr class="toplist1-tr">\n            ...'>, <Selector xpath="//table[contains(@class,'opr-toplist1-table')]/tbody/tr" data='<tr class="toplist1-tr">\n            ...'>, <Selector xpath="//table[contains(@class,'opr-toplist1-table')]/tbody/tr" data='<tr class="toplist1-tr">\n            ...'>, <Selector xpath="//table[contains(@class,'opr-toplist1-table')]/tbody/tr" data='<tr class="toplist1-tr">\n            ...'>, <Selector xpath="//table[contains(@class,'opr-toplist1-table')]/tbody/tr" data='<tr class="toplist1-tr">\n            ...'>, <Selector xpath="//table[contains(@class,'opr-toplist1-table')]/tbody/tr" data='<tr class="toplist1-tr">\n            ...'>, <Selector xpath="//table[contains(@class,'opr-toplist1-table')]/tbody/tr" data='<tr class="toplist1-tr">\n            ...'>, <Selector xpath="//table[contains(@class,'opr-toplist1-table')]/tbody/tr" data='<tr class="toplist1-tr">\n            ...'>, <Selector xpath="//table[contains(@class,'opr-toplist1-table')]/tbody/tr" data='<tr class="toplist1-tr">\n            ...'>, <Selector xpath="//table[contains(@class,'opr-toplist1-table')]/tbody/tr" data='<tr class="toplist1-tr">\n            ...'>, <Selector xpath="//table[contains(@class,'opr-toplist1-table')]/tbody/tr" data='<tr class="toplist1-tr">\n            ...'>, <Selector xpath="//table[contains(@class,'opr-toplist1-table')]/tbody/tr" data='<tr class="toplist1-tr">\n            ...'>, <Selector xpath="//table[contains(@class,'opr-toplist1-table')]/tbody/tr" data='<tr class="toplist1-tr">\n            ...'>, <Selector xpath="//table[contains(@class,'opr-toplist1-table')]/tbody/tr" data='<tr class="toplist1-tr">\n            ...'>, <Selector xpath="//table[contains(@class,'opr-toplist1-table')]/tbody/tr" data='<tr class="toplist1-tr">\n            ...'>, <Selector xpath="//table[contains(@class,'opr-toplist1-table')]/tbody/tr" data='<tr class="toplist1-tr">\n            ...'>, <Selector xpath="//table[contains(@class,'opr-toplist1-table')]/tbody/tr" data='<tr class="toplist1-tr">\n            ...'>, <Selector xpath="//table[contains(@class,'opr-toplist1-table')]/tbody/tr" data='<tr class="toplist1-tr">\n            ...'>, <Selector xpath="//table[contains(@class,'opr-toplist1-table')]/tbody/tr" data='<tr class="toplist1-tr">\n            ...'>, <Selector xpath="//table[contains(@class,'opr-toplist1-table')]/tbody/tr" data='<tr class="toplist1-tr">\n            ...'>, <Selector xpath="//table[contains(@class,'opr-toplist1-table')]/tbody/tr" data='<tr class="toplist1-tr">\n            ...'>]
2020-11-26 15:51:27 [rs.pipelines] WARNING: ----------
2020-11-26 15:51:27 [rs.pipelines] WARNING: ----------
2020-11-26 15:51:27 [rs.pipelines] WARNING: ----------
2020-11-26 15:51:27 [rs.pipelines] WARNING: ----------
2020-11-26 15:51:27 [rs.pipelines] WARNING: ----------
2020-11-26 15:51:27 [rs.pipelines] WARNING: ----------
2020-11-26 15:51:27 [rs.pipelines] WARNING: ----------
2020-11-26 15:51:27 [rs.pipelines] WARNING: ----------
2020-11-26 15:51:27 [rs.pipelines] WARNING: ----------
2020-11-26 15:51:27 [rs.pipelines] WARNING: ----------
2020-11-26 15:51:27 [rs.pipelines] WARNING: ----------
2020-11-26 15:51:27 [rs.pipelines] WARNING: ----------
2020-11-26 15:51:27 [rs.pipelines] WARNING: ----------
2020-11-26 15:51:27 [rs.pipelines] WARNING: ----------
2020-11-26 15:51:27 [rs.pipelines] WARNING: ----------
2020-11-26 15:51:27 [rs.pipelines] WARNING: ----------
2020-11-26 15:51:27 [rs.pipelines] WARNING: ----------
2020-11-26 15:51:27 [rs.pipelines] WARNING: ----------
2020-11-26 15:51:27 [rs.pipelines] WARNING: ----------
2020-11-26 15:51:27 [rs.pipelines] WARNING: ----------
2020-11-26 15:51:27 [rs.pipelines] WARNING: ----------
2020-11-26 15:51:27 [rs.pipelines] WARNING: ----------
2020-11-26 15:51:27 [rs.pipelines] WARNING: ----------
2020-11-26 15:51:27 [rs.pipelines] WARNING: ----------
2020-11-26 15:51:27 [rs.pipelines] WARNING: ----------
2020-11-26 15:51:27 [rs.pipelines] WARNING: ----------
2020-11-26 15:51:27 [rs.pipelines] WARNING: ----------
2020-11-26 15:51:27 [rs.pipelines] WARNING: ----------
2020-11-26 15:52:05 [rs.spiders.rs_spider] WARNING: [<Selector xpath="//table[contains(@class,'opr-toplist1-table')]/tbody/tr" data='<tr class="toplist1-tr">\n            ...'>, <Selector xpath="//table[contains(@class,'opr-toplist1-table')]/tbody/tr" data='<tr class="toplist1-tr">\n            ...'>, <Selector xpath="//table[contains(@class,'opr-toplist1-table')]/tbody/tr" data='<tr class="toplist1-tr">\n            ...'>, <Selector xpath="//table[contains(@class,'opr-toplist1-table')]/tbody/tr" data='<tr class="toplist1-tr">\n            ...'>, <Selector xpath="//table[contains(@class,'opr-toplist1-table')]/tbody/tr" data='<tr class="toplist1-tr">\n            ...'>, <Selector xpath="//table[contains(@class,'opr-toplist1-table')]/tbody/tr" data='<tr class="toplist1-tr">\n            ...'>, <Selector xpath="//table[contains(@class,'opr-toplist1-table')]/tbody/tr" data='<tr class="toplist1-tr">\n            ...'>, <Selector xpath="//table[contains(@class,'opr-toplist1-table')]/tbody/tr" data='<tr class="toplist1-tr">\n            ...'>, <Selector xpath="//table[contains(@class,'opr-toplist1-table')]/tbody/tr" data='<tr class="toplist1-tr">\n            ...'>, <Selector xpath="//table[contains(@class,'opr-toplist1-table')]/tbody/tr" data='<tr class="toplist1-tr">\n            ...'>, <Selector xpath="//table[contains(@class,'opr-toplist1-table')]/tbody/tr" data='<tr class="toplist1-tr">\n            ...'>, <Selector xpath="//table[contains(@class,'opr-toplist1-table')]/tbody/tr" data='<tr class="toplist1-tr">\n            ...'>, <Selector xpath="//table[contains(@class,'opr-toplist1-table')]/tbody/tr" data='<tr class="toplist1-tr">\n            ...'>, <Selector xpath="//table[contains(@class,'opr-toplist1-table')]/tbody/tr" data='<tr class="toplist1-tr">\n            ...'>, <Selector xpath="//table[contains(@class,'opr-toplist1-table')]/tbody/tr" data='<tr class="toplist1-tr">\n            ...'>, <Selector xpath="//table[contains(@class,'opr-toplist1-table')]/tbody/tr" data='<tr class="toplist1-tr">\n            ...'>, <Selector xpath="//table[contains(@class,'opr-toplist1-table')]/tbody/tr" data='<tr class="toplist1-tr">\n            ...'>, <Selector xpath="//table[contains(@class,'opr-toplist1-table')]/tbody/tr" data='<tr class="toplist1-tr">\n            ...'>, <Selector xpath="//table[contains(@class,'opr-toplist1-table')]/tbody/tr" data='<tr class="toplist1-tr">\n            ...'>, <Selector xpath="//table[contains(@class,'opr-toplist1-table')]/tbody/tr" data='<tr class="toplist1-tr">\n            ...'>, <Selector xpath="//table[contains(@class,'opr-toplist1-table')]/tbody/tr" data='<tr class="toplist1-tr">\n            ...'>, <Selector xpath="//table[contains(@class,'opr-toplist1-table')]/tbody/tr" data='<tr class="toplist1-tr">\n            ...'>, <Selector xpath="//table[contains(@class,'opr-toplist1-table')]/tbody/tr" data='<tr class="toplist1-tr">\n            ...'>, <Selector xpath="//table[contains(@class,'opr-toplist1-table')]/tbody/tr" data='<tr class="toplist1-tr">\n            ...'>, <Selector xpath="//table[contains(@class,'opr-toplist1-table')]/tbody/tr" data='<tr class="toplist1-tr">\n            ...'>, <Selector xpath="//table[contains(@class,'opr-toplist1-table')]/tbody/tr" data='<tr class="toplist1-tr">\n            ...'>, <Selector xpath="//table[contains(@class,'opr-toplist1-table')]/tbody/tr" data='<tr class="toplist1-tr">\n            ...'>, <Selector xpath="//table[contains(@class,'opr-toplist1-table')]/tbody/tr" data='<tr class="toplist1-tr">\n            ...'>]
2020-11-26 15:52:05 [rs.pipelines] WARNING: ----------
2020-11-26 15:52:05 [rs.pipelines] WARNING: ----------
2020-11-26 15:52:05 [rs.pipelines] WARNING: ----------
2020-11-26 15:52:05 [rs.pipelines] WARNING: ----------
2020-11-26 15:52:05 [rs.pipelines] WARNING: ----------
2020-11-26 15:52:05 [rs.pipelines] WARNING: ----------
2020-11-26 15:52:05 [rs.pipelines] WARNING: ----------
2020-11-26 15:52:05 [rs.pipelines] WARNING: ----------
2020-11-26 15:52:05 [rs.pipelines] WARNING: ----------
2020-11-26 15:52:05 [rs.pipelines] WARNING: ----------
2020-11-26 15:52:05 [rs.pipelines] WARNING: ----------
2020-11-26 15:52:05 [rs.pipelines] WARNING: ----------
2020-11-26 15:52:05 [rs.pipelines] WARNING: ----------
2020-11-26 15:52:05 [rs.pipelines] WARNING: ----------
2020-11-26 15:52:05 [rs.pipelines] WARNING: ----------
2020-11-26 15:52:05 [rs.pipelines] WARNING: ----------
2020-11-26 15:52:05 [rs.pipelines] WARNING: ----------
2020-11-26 15:52:05 [rs.pipelines] WARNING: ----------
2020-11-26 15:52:05 [rs.pipelines] WARNING: ----------
2020-11-26 15:52:05 [rs.pipelines] WARNING: ----------
2020-11-26 15:52:05 [rs.pipelines] WARNING: ----------
2020-11-26 15:52:05 [rs.pipelines] WARNING: ----------
2020-11-26 15:52:05 [rs.pipelines] WARNING: ----------
2020-11-26 15:52:05 [rs.pipelines] WARNING: ----------
2020-11-26 15:52:05 [rs.pipelines] WARNING: ----------
2020-11-26 15:52:05 [rs.pipelines] WARNING: ----------
2020-11-26 15:52:05 [rs.pipelines] WARNING: ----------
2020-11-26 15:52:05 [rs.pipelines] WARNING: ----------
2020-11-26 15:52:43 [rs.spiders.rs_spider] WARNING: [<Selector xpath="//table[contains(@class,'opr-toplist1-table')]/tbody/tr" data='<tr class="toplist1-tr">\n            ...'>, <Selector xpath="//table[contains(@class,'opr-toplist1-table')]/tbody/tr" data='<tr class="toplist1-tr">\n            ...'>, <Selector xpath="//table[contains(@class,'opr-toplist1-table')]/tbody/tr" data='<tr class="toplist1-tr">\n            ...'>, <Selector xpath="//table[contains(@class,'opr-toplist1-table')]/tbody/tr" data='<tr class="toplist1-tr">\n            ...'>, <Selector xpath="//table[contains(@class,'opr-toplist1-table')]/tbody/tr" data='<tr class="toplist1-tr">\n            ...'>, <Selector xpath="//table[contains(@class,'opr-toplist1-table')]/tbody/tr" data='<tr class="toplist1-tr">\n            ...'>, <Selector xpath="//table[contains(@class,'opr-toplist1-table')]/tbody/tr" data='<tr class="toplist1-tr">\n            ...'>, <Selector xpath="//table[contains(@class,'opr-toplist1-table')]/tbody/tr" data='<tr class="toplist1-tr">\n            ...'>, <Selector xpath="//table[contains(@class,'opr-toplist1-table')]/tbody/tr" data='<tr class="toplist1-tr">\n            ...'>, <Selector xpath="//table[contains(@class,'opr-toplist1-table')]/tbody/tr" data='<tr class="toplist1-tr">\n            ...'>, <Selector xpath="//table[contains(@class,'opr-toplist1-table')]/tbody/tr" data='<tr class="toplist1-tr">\n            ...'>, <Selector xpath="//table[contains(@class,'opr-toplist1-table')]/tbody/tr" data='<tr class="toplist1-tr">\n            ...'>, <Selector xpath="//table[contains(@class,'opr-toplist1-table')]/tbody/tr" data='<tr class="toplist1-tr">\n            ...'>, <Selector xpath="//table[contains(@class,'opr-toplist1-table')]/tbody/tr" data='<tr class="toplist1-tr">\n            ...'>, <Selector xpath="//table[contains(@class,'opr-toplist1-table')]/tbody/tr" data='<tr class="toplist1-tr">\n            ...'>, <Selector xpath="//table[contains(@class,'opr-toplist1-table')]/tbody/tr" data='<tr class="toplist1-tr">\n            ...'>, <Selector xpath="//table[contains(@class,'opr-toplist1-table')]/tbody/tr" data='<tr class="toplist1-tr">\n            ...'>, <Selector xpath="//table[contains(@class,'opr-toplist1-table')]/tbody/tr" data='<tr class="toplist1-tr">\n            ...'>, <Selector xpath="//table[contains(@class,'opr-toplist1-table')]/tbody/tr" data='<tr class="toplist1-tr">\n            ...'>, <Selector xpath="//table[contains(@class,'opr-toplist1-table')]/tbody/tr" data='<tr class="toplist1-tr">\n            ...'>, <Selector xpath="//table[contains(@class,'opr-toplist1-table')]/tbody/tr" data='<tr class="toplist1-tr">\n            ...'>, <Selector xpath="//table[contains(@class,'opr-toplist1-table')]/tbody/tr" data='<tr class="toplist1-tr">\n            ...'>, <Selector xpath="//table[contains(@class,'opr-toplist1-table')]/tbody/tr" data='<tr class="toplist1-tr">\n            ...'>, <Selector xpath="//table[contains(@class,'opr-toplist1-table')]/tbody/tr" data='<tr class="toplist1-tr">\n            ...'>, <Selector xpath="//table[contains(@class,'opr-toplist1-table')]/tbody/tr" data='<tr class="toplist1-tr">\n            ...'>, <Selector xpath="//table[contains(@class,'opr-toplist1-table')]/tbody/tr" data='<tr class="toplist1-tr">\n            ...'>, <Selector xpath="//table[contains(@class,'opr-toplist1-table')]/tbody/tr" data='<tr class="toplist1-tr">\n            ...'>, <Selector xpath="//table[contains(@class,'opr-toplist1-table')]/tbody/tr" data='<tr class="toplist1-tr">\n            ...'>]
2020-11-26 15:52:43 [rs.pipelines] WARNING: ----------
2020-11-26 15:52:43 [rs.pipelines] WARNING: ----------
2020-11-26 15:52:43 [rs.pipelines] WARNING: ----------
2020-11-26 15:52:43 [rs.pipelines] WARNING: ----------
2020-11-26 15:52:43 [rs.pipelines] WARNING: ----------
2020-11-26 15:52:43 [rs.pipelines] WARNING: ----------
2020-11-26 15:52:43 [rs.pipelines] WARNING: ----------
2020-11-26 15:52:43 [rs.pipelines] WARNING: ----------
2020-11-26 15:52:43 [rs.pipelines] WARNING: ----------
2020-11-26 15:52:43 [rs.pipelines] WARNING: ----------
2020-11-26 15:52:43 [rs.pipelines] WARNING: ----------
2020-11-26 15:52:43 [rs.pipelines] WARNING: ----------
2020-11-26 15:52:43 [rs.pipelines] WARNING: ----------
2020-11-26 15:52:43 [rs.pipelines] WARNING: ----------
2020-11-26 15:52:43 [rs.pipelines] WARNING: ----------
2020-11-26 15:52:43 [rs.pipelines] WARNING: ----------
2020-11-26 15:52:43 [rs.pipelines] WARNING: ----------
2020-11-26 15:52:43 [rs.pipelines] WARNING: ----------
2020-11-26 15:52:43 [rs.pipelines] WARNING: ----------
2020-11-26 15:52:43 [rs.pipelines] WARNING: ----------
2020-11-26 15:52:43 [rs.pipelines] WARNING: ----------
2020-11-26 15:52:43 [rs.pipelines] WARNING: ----------
2020-11-26 15:52:43 [rs.pipelines] WARNING: ----------
2020-11-26 15:52:43 [rs.pipelines] WARNING: ----------
2020-11-26 15:52:43 [rs.pipelines] WARNING: ----------
2020-11-26 15:52:43 [rs.pipelines] WARNING: ----------
2020-11-26 15:52:43 [rs.pipelines] WARNING: ----------
2020-11-26 15:52:43 [rs.pipelines] WARNING: ----------
2020-11-26 16:51:23 [rs.spiders.rs_spider] WARNING: [<Selector xpath="//table[contains(@class,'opr-toplist1-table')]/tbody/tr" data='<tr class="toplist1-tr">\n            ...'>, <Selector xpath="//table[contains(@class,'opr-toplist1-table')]/tbody/tr" data='<tr class="toplist1-tr">\n            ...'>, <Selector xpath="//table[contains(@class,'opr-toplist1-table')]/tbody/tr" data='<tr class="toplist1-tr">\n            ...'>, <Selector xpath="//table[contains(@class,'opr-toplist1-table')]/tbody/tr" data='<tr class="toplist1-tr">\n            ...'>, <Selector xpath="//table[contains(@class,'opr-toplist1-table')]/tbody/tr" data='<tr class="toplist1-tr">\n            ...'>, <Selector xpath="//table[contains(@class,'opr-toplist1-table')]/tbody/tr" data='<tr class="toplist1-tr">\n            ...'>, <Selector xpath="//table[contains(@class,'opr-toplist1-table')]/tbody/tr" data='<tr class="toplist1-tr">\n            ...'>, <Selector xpath="//table[contains(@class,'opr-toplist1-table')]/tbody/tr" data='<tr class="toplist1-tr">\n            ...'>, <Selector xpath="//table[contains(@class,'opr-toplist1-table')]/tbody/tr" data='<tr class="toplist1-tr">\n            ...'>, <Selector xpath="//table[contains(@class,'opr-toplist1-table')]/tbody/tr" data='<tr class="toplist1-tr">\n            ...'>, <Selector xpath="//table[contains(@class,'opr-toplist1-table')]/tbody/tr" data='<tr class="toplist1-tr">\n            ...'>, <Selector xpath="//table[contains(@class,'opr-toplist1-table')]/tbody/tr" data='<tr class="toplist1-tr">\n            ...'>, <Selector xpath="//table[contains(@class,'opr-toplist1-table')]/tbody/tr" data='<tr class="toplist1-tr">\n            ...'>, <Selector xpath="//table[contains(@class,'opr-toplist1-table')]/tbody/tr" data='<tr class="toplist1-tr">\n            ...'>, <Selector xpath="//table[contains(@class,'opr-toplist1-table')]/tbody/tr" data='<tr class="toplist1-tr">\n            ...'>, <Selector xpath="//table[contains(@class,'opr-toplist1-table')]/tbody/tr" data='<tr class="toplist1-tr">\n            ...'>, <Selector xpath="//table[contains(@class,'opr-toplist1-table')]/tbody/tr" data='<tr class="toplist1-tr">\n            ...'>, <Selector xpath="//table[contains(@class,'opr-toplist1-table')]/tbody/tr" data='<tr class="toplist1-tr">\n            ...'>, <Selector xpath="//table[contains(@class,'opr-toplist1-table')]/tbody/tr" data='<tr class="toplist1-tr">\n            ...'>, <Selector xpath="//table[contains(@class,'opr-toplist1-table')]/tbody/tr" data='<tr class="toplist1-tr">\n            ...'>, <Selector xpath="//table[contains(@class,'opr-toplist1-table')]/tbody/tr" data='<tr class="toplist1-tr">\n            ...'>, <Selector xpath="//table[contains(@class,'opr-toplist1-table')]/tbody/tr" data='<tr class="toplist1-tr">\n            ...'>, <Selector xpath="//table[contains(@class,'opr-toplist1-table')]/tbody/tr" data='<tr class="toplist1-tr">\n            ...'>, <Selector xpath="//table[contains(@class,'opr-toplist1-table')]/tbody/tr" data='<tr class="toplist1-tr">\n            ...'>, <Selector xpath="//table[contains(@class,'opr-toplist1-table')]/tbody/tr" data='<tr class="toplist1-tr">\n            ...'>, <Selector xpath="//table[contains(@class,'opr-toplist1-table')]/tbody/tr" data='<tr class="toplist1-tr">\n            ...'>, <Selector xpath="//table[contains(@class,'opr-toplist1-table')]/tbody/tr" data='<tr class="toplist1-tr">\n            ...'>, <Selector xpath="//table[contains(@class,'opr-toplist1-table')]/tbody/tr" data='<tr class="toplist1-tr">\n            ...'>, <Selector xpath="//table[contains(@class,'opr-toplist1-table')]/tbody/tr" data='<tr class="toplist1-tr">\n            ...'>, <Selector xpath="//table[contains(@class,'opr-toplist1-table')]/tbody/tr" data='<tr class="toplist1-tr">\n            ...'>]
2020-11-26 16:51:23 [rs.pipelines] WARNING: ----------
2020-11-26 16:51:23 [rs.pipelines] WARNING: ----------
2020-11-26 16:51:23 [rs.pipelines] WARNING: ----------
2020-11-26 16:51:23 [rs.pipelines] WARNING: ----------
2020-11-26 16:51:23 [rs.pipelines] WARNING: ----------
2020-11-26 16:51:23 [rs.pipelines] WARNING: ----------
2020-11-26 16:51:23 [rs.pipelines] WARNING: ----------
2020-11-26 16:51:23 [rs.pipelines] WARNING: ----------
2020-11-26 16:51:23 [rs.pipelines] WARNING: ----------
2020-11-26 16:51:23 [rs.pipelines] WARNING: ----------
2020-11-26 16:51:23 [rs.pipelines] WARNING: ----------
2020-11-26 16:51:23 [rs.pipelines] WARNING: ----------
2020-11-26 16:51:23 [rs.pipelines] WARNING: ----------
2020-11-26 16:51:23 [rs.pipelines] WARNING: ----------
2020-11-26 16:51:23 [rs.pipelines] WARNING: ----------
2020-11-26 16:51:23 [rs.pipelines] WARNING: ----------
2020-11-26 16:51:23 [rs.pipelines] WARNING: ----------
2020-11-26 16:51:23 [rs.pipelines] WARNING: ----------
2020-11-26 16:51:23 [rs.pipelines] WARNING: ----------
2020-11-26 16:51:23 [rs.pipelines] WARNING: ----------
2020-11-26 16:51:23 [rs.pipelines] WARNING: ----------
2020-11-26 16:51:23 [rs.pipelines] WARNING: ----------
2020-11-26 16:51:23 [rs.pipelines] WARNING: ----------
2020-11-26 16:51:23 [rs.pipelines] WARNING: ----------
2020-11-26 16:51:23 [rs.pipelines] WARNING: ----------
2020-11-26 16:51:23 [rs.pipelines] WARNING: ----------
2020-11-26 16:51:23 [rs.pipelines] WARNING: ----------
2020-11-26 16:51:23 [rs.pipelines] WARNING: ----------
2020-11-26 16:51:23 [rs.pipelines] WARNING: ----------
2020-11-26 16:51:23 [rs.pipelines] WARNING: ----------
2020-11-26 17:00:19 [rs.spiders.rs_spider] WARNING: [<Selector xpath="//table[contains(@class,'opr-toplist1-table')]/tbody/tr" data='<tr class="toplist1-tr">\n            ...'>, <Selector xpath="//table[contains(@class,'opr-toplist1-table')]/tbody/tr" data='<tr class="toplist1-tr">\n            ...'>, <Selector xpath="//table[contains(@class,'opr-toplist1-table')]/tbody/tr" data='<tr class="toplist1-tr">\n            ...'>, <Selector xpath="//table[contains(@class,'opr-toplist1-table')]/tbody/tr" data='<tr class="toplist1-tr">\n            ...'>, <Selector xpath="//table[contains(@class,'opr-toplist1-table')]/tbody/tr" data='<tr class="toplist1-tr">\n            ...'>, <Selector xpath="//table[contains(@class,'opr-toplist1-table')]/tbody/tr" data='<tr class="toplist1-tr">\n            ...'>, <Selector xpath="//table[contains(@class,'opr-toplist1-table')]/tbody/tr" data='<tr class="toplist1-tr">\n            ...'>, <Selector xpath="//table[contains(@class,'opr-toplist1-table')]/tbody/tr" data='<tr class="toplist1-tr">\n            ...'>, <Selector xpath="//table[contains(@class,'opr-toplist1-table')]/tbody/tr" data='<tr class="toplist1-tr">\n            ...'>, <Selector xpath="//table[contains(@class,'opr-toplist1-table')]/tbody/tr" data='<tr class="toplist1-tr">\n            ...'>, <Selector xpath="//table[contains(@class,'opr-toplist1-table')]/tbody/tr" data='<tr class="toplist1-tr">\n            ...'>, <Selector xpath="//table[contains(@class,'opr-toplist1-table')]/tbody/tr" data='<tr class="toplist1-tr">\n            ...'>, <Selector xpath="//table[contains(@class,'opr-toplist1-table')]/tbody/tr" data='<tr class="toplist1-tr">\n            ...'>, <Selector xpath="//table[contains(@class,'opr-toplist1-table')]/tbody/tr" data='<tr class="toplist1-tr">\n            ...'>, <Selector xpath="//table[contains(@class,'opr-toplist1-table')]/tbody/tr" data='<tr class="toplist1-tr">\n            ...'>, <Selector xpath="//table[contains(@class,'opr-toplist1-table')]/tbody/tr" data='<tr class="toplist1-tr">\n            ...'>, <Selector xpath="//table[contains(@class,'opr-toplist1-table')]/tbody/tr" data='<tr class="toplist1-tr">\n            ...'>, <Selector xpath="//table[contains(@class,'opr-toplist1-table')]/tbody/tr" data='<tr class="toplist1-tr">\n            ...'>, <Selector xpath="//table[contains(@class,'opr-toplist1-table')]/tbody/tr" data='<tr class="toplist1-tr">\n            ...'>, <Selector xpath="//table[contains(@class,'opr-toplist1-table')]/tbody/tr" data='<tr class="toplist1-tr">\n            ...'>, <Selector xpath="//table[contains(@class,'opr-toplist1-table')]/tbody/tr" data='<tr class="toplist1-tr">\n            ...'>, <Selector xpath="//table[contains(@class,'opr-toplist1-table')]/tbody/tr" data='<tr class="toplist1-tr">\n            ...'>, <Selector xpath="//table[contains(@class,'opr-toplist1-table')]/tbody/tr" data='<tr class="toplist1-tr">\n            ...'>, <Selector xpath="//table[contains(@class,'opr-toplist1-table')]/tbody/tr" data='<tr class="toplist1-tr">\n            ...'>, <Selector xpath="//table[contains(@class,'opr-toplist1-table')]/tbody/tr" data='<tr class="toplist1-tr">\n            ...'>, <Selector xpath="//table[contains(@class,'opr-toplist1-table')]/tbody/tr" data='<tr class="toplist1-tr">\n            ...'>, <Selector xpath="//table[contains(@class,'opr-toplist1-table')]/tbody/tr" data='<tr class="toplist1-tr">\n            ...'>, <Selector xpath="//table[contains(@class,'opr-toplist1-table')]/tbody/tr" data='<tr class="toplist1-tr">\n            ...'>, <Selector xpath="//table[contains(@class,'opr-toplist1-table')]/tbody/tr" data='<tr class="toplist1-tr">\n            ...'>, <Selector xpath="//table[contains(@class,'opr-toplist1-table')]/tbody/tr" data='<tr class="toplist1-tr">\n            ...'>]
2020-11-26 17:00:19 [rs.pipelines] WARNING: ----------
2020-11-26 17:00:19 [rs.pipelines] WARNING: ----------
2020-11-26 17:00:19 [rs.pipelines] WARNING: ----------
2020-11-26 17:00:19 [rs.pipelines] WARNING: ----------
2020-11-26 17:00:19 [rs.pipelines] WARNING: ----------
2020-11-26 17:00:19 [rs.pipelines] WARNING: ----------
2020-11-26 17:00:19 [rs.pipelines] WARNING: ----------
2020-11-26 17:00:19 [rs.pipelines] WARNING: ----------
2020-11-26 17:00:19 [rs.pipelines] WARNING: ----------
2020-11-26 17:00:19 [rs.pipelines] WARNING: ----------
2020-11-26 17:00:19 [rs.pipelines] WARNING: ----------
2020-11-26 17:00:19 [rs.pipelines] WARNING: ----------
2020-11-26 17:00:19 [rs.pipelines] WARNING: ----------
2020-11-26 17:00:19 [rs.pipelines] WARNING: ----------
2020-11-26 17:00:19 [rs.pipelines] WARNING: ----------
2020-11-26 17:00:19 [rs.pipelines] WARNING: ----------
2020-11-26 17:00:19 [rs.pipelines] WARNING: ----------
2020-11-26 17:00:19 [rs.pipelines] WARNING: ----------
2020-11-26 17:00:19 [rs.pipelines] WARNING: ----------
2020-11-26 17:00:19 [rs.pipelines] WARNING: ----------
2020-11-26 17:00:19 [rs.pipelines] WARNING: ----------
2020-11-26 17:00:19 [rs.pipelines] WARNING: ----------
2020-11-26 17:00:19 [rs.pipelines] WARNING: ----------
2020-11-26 17:00:19 [rs.pipelines] WARNING: ----------
2020-11-26 17:00:19 [rs.pipelines] WARNING: ----------
2020-11-26 17:00:19 [rs.pipelines] WARNING: ----------
2020-11-26 17:00:19 [rs.pipelines] WARNING: ----------
2020-11-26 17:00:19 [rs.pipelines] WARNING: ----------
2020-11-26 17:00:19 [rs.pipelines] WARNING: ----------
2020-11-26 17:00:19 [rs.pipelines] WARNING: ----------
2020-11-26 17:08:23 [rs.spiders.rs_spider] WARNING: [<Selector xpath="//table[contains(@class,'opr-toplist1-table')]/tbody/tr" data='<tr class="toplist1-tr">\n            ...'>, <Selector xpath="//table[contains(@class,'opr-toplist1-table')]/tbody/tr" data='<tr class="toplist1-tr">\n            ...'>, <Selector xpath="//table[contains(@class,'opr-toplist1-table')]/tbody/tr" data='<tr class="toplist1-tr">\n            ...'>, <Selector xpath="//table[contains(@class,'opr-toplist1-table')]/tbody/tr" data='<tr class="toplist1-tr">\n            ...'>, <Selector xpath="//table[contains(@class,'opr-toplist1-table')]/tbody/tr" data='<tr class="toplist1-tr">\n            ...'>, <Selector xpath="//table[contains(@class,'opr-toplist1-table')]/tbody/tr" data='<tr class="toplist1-tr">\n            ...'>, <Selector xpath="//table[contains(@class,'opr-toplist1-table')]/tbody/tr" data='<tr class="toplist1-tr">\n            ...'>, <Selector xpath="//table[contains(@class,'opr-toplist1-table')]/tbody/tr" data='<tr class="toplist1-tr">\n            ...'>, <Selector xpath="//table[contains(@class,'opr-toplist1-table')]/tbody/tr" data='<tr class="toplist1-tr">\n            ...'>, <Selector xpath="//table[contains(@class,'opr-toplist1-table')]/tbody/tr" data='<tr class="toplist1-tr">\n            ...'>, <Selector xpath="//table[contains(@class,'opr-toplist1-table')]/tbody/tr" data='<tr class="toplist1-tr">\n            ...'>, <Selector xpath="//table[contains(@class,'opr-toplist1-table')]/tbody/tr" data='<tr class="toplist1-tr">\n            ...'>, <Selector xpath="//table[contains(@class,'opr-toplist1-table')]/tbody/tr" data='<tr class="toplist1-tr">\n            ...'>, <Selector xpath="//table[contains(@class,'opr-toplist1-table')]/tbody/tr" data='<tr class="toplist1-tr">\n            ...'>, <Selector xpath="//table[contains(@class,'opr-toplist1-table')]/tbody/tr" data='<tr class="toplist1-tr">\n            ...'>, <Selector xpath="//table[contains(@class,'opr-toplist1-table')]/tbody/tr" data='<tr class="toplist1-tr">\n            ...'>, <Selector xpath="//table[contains(@class,'opr-toplist1-table')]/tbody/tr" data='<tr class="toplist1-tr">\n            ...'>, <Selector xpath="//table[contains(@class,'opr-toplist1-table')]/tbody/tr" data='<tr class="toplist1-tr">\n            ...'>, <Selector xpath="//table[contains(@class,'opr-toplist1-table')]/tbody/tr" data='<tr class="toplist1-tr">\n            ...'>, <Selector xpath="//table[contains(@class,'opr-toplist1-table')]/tbody/tr" data='<tr class="toplist1-tr">\n            ...'>, <Selector xpath="//table[contains(@class,'opr-toplist1-table')]/tbody/tr" data='<tr class="toplist1-tr">\n            ...'>, <Selector xpath="//table[contains(@class,'opr-toplist1-table')]/tbody/tr" data='<tr class="toplist1-tr">\n            ...'>, <Selector xpath="//table[contains(@class,'opr-toplist1-table')]/tbody/tr" data='<tr class="toplist1-tr">\n            ...'>, <Selector xpath="//table[contains(@class,'opr-toplist1-table')]/tbody/tr" data='<tr class="toplist1-tr">\n            ...'>, <Selector xpath="//table[contains(@class,'opr-toplist1-table')]/tbody/tr" data='<tr class="toplist1-tr">\n            ...'>, <Selector xpath="//table[contains(@class,'opr-toplist1-table')]/tbody/tr" data='<tr class="toplist1-tr">\n            ...'>, <Selector xpath="//table[contains(@class,'opr-toplist1-table')]/tbody/tr" data='<tr class="toplist1-tr">\n            ...'>, <Selector xpath="//table[contains(@class,'opr-toplist1-table')]/tbody/tr" data='<tr class="toplist1-tr">\n            ...'>, <Selector xpath="//table[contains(@class,'opr-toplist1-table')]/tbody/tr" data='<tr class="toplist1-tr">\n            ...'>, <Selector xpath="//table[contains(@class,'opr-toplist1-table')]/tbody/tr" data='<tr class="toplist1-tr">\n            ...'>]
2020-11-26 17:08:23 [rs.pipelines] WARNING: ----------
2020-11-26 17:08:23 [rs.pipelines] WARNING: ----------
2020-11-26 17:08:23 [rs.pipelines] WARNING: ----------
2020-11-26 17:08:23 [rs.pipelines] WARNING: ----------
2020-11-26 17:08:23 [rs.pipelines] WARNING: ----------
2020-11-26 17:08:23 [rs.pipelines] WARNING: ----------
2020-11-26 17:08:23 [rs.pipelines] WARNING: ----------
2020-11-26 17:08:23 [rs.pipelines] WARNING: ----------
2020-11-26 17:08:23 [rs.pipelines] WARNING: ----------
2020-11-26 17:08:23 [rs.pipelines] WARNING: ----------
2020-11-26 17:08:23 [rs.pipelines] WARNING: ----------
2020-11-26 17:08:23 [rs.pipelines] WARNING: ----------
2020-11-26 17:08:23 [rs.pipelines] WARNING: ----------
2020-11-26 17:08:23 [rs.pipelines] WARNING: ----------
2020-11-26 17:08:23 [rs.pipelines] WARNING: ----------
2020-11-26 17:08:23 [rs.pipelines] WARNING: ----------
2020-11-26 17:08:23 [rs.pipelines] WARNING: ----------
2020-11-26 17:08:23 [rs.pipelines] WARNING: ----------
2020-11-26 17:08:23 [rs.pipelines] WARNING: ----------
2020-11-26 17:08:23 [rs.pipelines] WARNING: ----------
2020-11-26 17:08:23 [rs.pipelines] WARNING: ----------
2020-11-26 17:08:23 [rs.pipelines] WARNING: ----------
2020-11-26 17:08:23 [rs.pipelines] WARNING: ----------
2020-11-26 17:08:23 [rs.pipelines] WARNING: ----------
2020-11-26 17:08:23 [rs.pipelines] WARNING: ----------
2020-11-26 17:08:23 [rs.pipelines] WARNING: ----------
2020-11-26 17:08:23 [rs.pipelines] WARNING: ----------
2020-11-26 17:08:23 [rs.pipelines] WARNING: ----------
2020-11-26 17:08:23 [rs.pipelines] WARNING: ----------
2020-11-26 17:08:23 [rs.pipelines] WARNING: ----------
